Flow report for VGA
Fri Aug  5 11:54:41 2016
Quartus Prime Version 16.0.1 Build 218 06/01/2016 SJ Lite Edition


---------------------
; Table of Contents ;
---------------------
  1. Legal Notice
  2. Flow Summary
  3. Flow Settings
  4. Flow Non-Default Global Settings
  5. Flow Elapsed Time
  6. Flow OS Summary
  7. Flow Log
  8. Flow Messages
  9. Flow Suppressed Messages



----------------
; Legal Notice ;
----------------
Copyright (C) 1991-2016 Altera Corporation. All rights reserved.
Your use of Altera Corporation's design tools, logic functions 
and other software and tools, and its AMPP partner logic 
functions, and any output files from any of the foregoing 
(including device programming or simulation files), and any 
associated documentation or information are expressly subject 
to the terms and conditions of the Altera Program License 
Subscription Agreement, the Altera Quartus Prime License Agreement,
the Altera MegaCore Function License Agreement, or other 
applicable license agreement, including, without limitation, 
that your use is for the sole purpose of programming logic 
devices manufactured by Altera and sold by Altera or its 
authorized distributors.  Please refer to the applicable 
agreement for further details.



+----------------------------------------------------------------------------------+
; Flow Summary                                                                     ;
+------------------------------------+---------------------------------------------+
; Flow Status                        ; Successful - Fri Aug  5 11:54:41 2016       ;
; Quartus Prime Version              ; 16.0.1 Build 218 06/01/2016 SJ Lite Edition ;
; Revision Name                      ; VGA                                         ;
; Top-level Entity Name              ; symbol_top_inst                             ;
; Family                             ; Cyclone IV E                                ;
; Device                             ; EP4CE115F29C7                               ;
; Timing Models                      ; Final                                       ;
; Total logic elements               ; 206 / 114,480 ( < 1 % )                     ;
;     Total combinational functions  ; 181 / 114,480 ( < 1 % )                     ;
;     Dedicated logic registers      ; 114 / 114,480 ( < 1 % )                     ;
; Total registers                    ; 114                                         ;
; Total pins                         ; 71 / 529 ( 13 % )                           ;
; Total virtual pins                 ; 0                                           ;
; Total memory bits                  ; 0 / 3,981,312 ( 0 % )                       ;
; Embedded Multiplier 9-bit elements ; 0 / 532 ( 0 % )                             ;
; Total PLLs                         ; 1 / 4 ( 25 % )                              ;
+------------------------------------+---------------------------------------------+


+-----------------------------------------+
; Flow Settings                           ;
+-------------------+---------------------+
; Option            ; Setting             ;
+-------------------+---------------------+
; Start date & time ; 08/05/2016 11:54:17 ;
; Main task         ; Compilation         ;
; Revision Name     ; VGA                 ;
+-------------------+---------------------+


+--------------------------------------------------------------------------------------------------------------------------------+
; Flow Non-Default Global Settings                                                                                               ;
+-------------------------------------+---------------------------------------+---------------+-----------------+----------------+
; Assignment Name                     ; Value                                 ; Default Value ; Entity Name     ; Section Id     ;
+-------------------------------------+---------------------------------------+---------------+-----------------+----------------+
; COMPILER_SIGNATURE_ID               ; 163683367058604.147040885731187       ; --            ; --              ; --             ;
; EDA_OUTPUT_DATA_FORMAT              ; Verilog Hdl                           ; --            ; --              ; eda_simulation ;
; EDA_SIMULATION_TOOL                 ; ModelSim-Altera (Verilog)             ; <None>        ; --              ; --             ;
; EDA_TIME_SCALE                      ; 1 ps                                  ; --            ; --              ; eda_simulation ;
; MAX_CORE_JUNCTION_TEMP              ; 85                                    ; --            ; --              ; --             ;
; MIN_CORE_JUNCTION_TEMP              ; 0                                     ; --            ; --              ; --             ;
; MISC_FILE                           ; pll.bsf                               ; --            ; --              ; --             ;
; MISC_FILE                           ; pll.ppf                               ; --            ; --              ; --             ;
; MISC_FILE                           ; pll_syn.v                             ; --            ; --              ; --             ;
; NOMINAL_CORE_SUPPLY_VOLTAGE         ; 1.2V                                  ; --            ; --              ; --             ;
; PARTITION_COLOR                     ; 16764057                              ; --            ; VGA_ftw         ; Top            ;
; PARTITION_COLOR                     ; 16764057                              ; --            ; symbol_top_inst ; Top            ;
; PARTITION_FITTER_PRESERVATION_LEVEL ; PLACEMENT_AND_ROUTING                 ; --            ; VGA_ftw         ; Top            ;
; PARTITION_FITTER_PRESERVATION_LEVEL ; PLACEMENT_AND_ROUTING                 ; --            ; symbol_top_inst ; Top            ;
; PARTITION_NETLIST_TYPE              ; SOURCE                                ; --            ; VGA_ftw         ; Top            ;
; PARTITION_NETLIST_TYPE              ; SOURCE                                ; --            ; symbol_top_inst ; Top            ;
; POWER_BOARD_THERMAL_MODEL           ; None (CONSERVATIVE)                   ; --            ; --              ; --             ;
; POWER_PRESET_COOLING_SOLUTION       ; 23 MM HEAT SINK WITH 200 LFPM AIRFLOW ; --            ; --              ; --             ;
; PROJECT_OUTPUT_DIRECTORY            ; output_files                          ; --            ; --              ; --             ;
; TOP_LEVEL_ENTITY                    ; symbol_top_inst                       ; VGA           ; --              ; --             ;
+-------------------------------------+---------------------------------------+---------------+-----------------+----------------+


+-------------------------------------------------------------------------------------------------------------------------------+
; Flow Elapsed Time                                                                                                             ;
+---------------------------+--------------+-------------------------+---------------------+------------------------------------+
; Module Name               ; Elapsed Time ; Average Processors Used ; Peak Virtual Memory ; Total CPU Time (on all processors) ;
+---------------------------+--------------+-------------------------+---------------------+------------------------------------+
; Analysis & Synthesis      ; 00:00:09     ; 1.0                     ; 1223 MB             ; 00:00:21                           ;
; Fitter                    ; 00:00:09     ; 1.0                     ; 1569 MB             ; 00:00:11                           ;
; Assembler                 ; 00:00:02     ; 1.0                     ; 1075 MB             ; 00:00:03                           ;
; TimeQuest Timing Analyzer ; 00:00:01     ; 1.0                     ; 1163 MB             ; 00:00:01                           ;
; EDA Netlist Writer        ; 00:00:00     ; 1.0                     ; 1323 MB             ; 00:00:01                           ;
; Total                     ; 00:00:21     ; --                      ; --                  ; 00:00:37                           ;
+---------------------------+--------------+-------------------------+---------------------+------------------------------------+


+---------------------------------------------------------------------------------------------+
; Flow OS Summary                                                                             ;
+---------------------------+------------------+----------------+------------+----------------+
; Module Name               ; Machine Hostname ; OS Name        ; OS Version ; Processor type ;
+---------------------------+------------------+----------------+------------+----------------+
; Analysis & Synthesis      ; LSD04            ; Ubuntu 14.04.4 ; 14         ; x86_64         ;
; Fitter                    ; LSD04            ; Ubuntu 14.04.4 ; 14         ; x86_64         ;
; Assembler                 ; LSD04            ; Ubuntu 14.04.4 ; 14         ; x86_64         ;
; TimeQuest Timing Analyzer ; LSD04            ; Ubuntu 14.04.4 ; 14         ; x86_64         ;
; EDA Netlist Writer        ; LSD04            ; Ubuntu 14.04.4 ; 14         ; x86_64         ;
+---------------------------+------------------+----------------+------------+----------------+


------------
; Flow Log ;
------------
quartus_map --read_settings_files=on --write_settings_files=off VGA -c VGA
quartus_fit --read_settings_files=off --write_settings_files=off VGA -c VGA
quartus_asm --read_settings_files=off --write_settings_files=off VGA -c VGA
quartus_sta VGA -c VGA
quartus_eda --read_settings_files=off --write_settings_files=off VGA -c VGA



